21:48:36:928  INFO 8908 --- [main] com.hmall.user.UserApplication           : Starting UserApplication using Java 11.0.15.1 on DESKTOP-RI498KT with PID 8908 (D:\hmsc\hmall\user-service\target\classes started by Twelve-HaHa in D:\hmsc\hmall)
21:48:36:931 DEBUG 8908 --- [main] com.hmall.user.UserApplication           : Running with Spring Boot v2.7.12, Spring v5.3.27
21:48:36:932  INFO 8908 --- [main] com.hmall.user.UserApplication           : The following 1 profile is active: "local"
21:48:37:712  INFO 8908 --- [main] o.s.cloud.context.scope.GenericScope     : BeanFactory id=b9501ae2-9d31-32e4-adab-ca8e09a32ee6
21:48:37:962  INFO 8908 --- [main] o.s.b.w.embedded.tomcat.TomcatWebServer  : Tomcat initialized with port(s): 8084 (http)
21:48:37:970  INFO 8908 --- [main] o.apache.catalina.core.StandardService   : Starting service [Tomcat]
21:48:37:970  INFO 8908 --- [main] org.apache.catalina.core.StandardEngine  : Starting Servlet engine: [Apache Tomcat/9.0.75]
21:48:38:074  INFO 8908 --- [main] o.a.c.c.C.[Tomcat].[localhost].[/]       : Initializing Spring embedded WebApplicationContext
21:48:38:074  INFO 8908 --- [main] w.s.c.ServletWebServerApplicationContext : Root WebApplicationContext: initialization completed in 1111 ms
21:48:41:073  INFO 8908 --- [main] pertySourcedRequestMappingHandlerMapping : Mapped URL path [/v2/api-docs] onto method [springfox.documentation.swagger2.web.Swagger2ControllerWebMvc#getDocumentation(String, HttpServletRequest)]
21:48:41:796  INFO 8908 --- [main] com.alibaba.nacos.common.remote.client   : [RpcClientFactory] create a new rpc client of 800219ee-b7c5-4dc2-baba-7af329a621ce
21:48:41:827  INFO 8908 --- [main] org.reflections.Reflections              : Reflections took 17 ms to scan 1 urls, producing 3 keys and 6 values 
21:48:41:846  INFO 8908 --- [main] org.reflections.Reflections              : Reflections took 8 ms to scan 1 urls, producing 4 keys and 9 values 
21:48:41:855  INFO 8908 --- [main] org.reflections.Reflections              : Reflections took 7 ms to scan 1 urls, producing 3 keys and 10 values 
21:48:41:857  WARN 8908 --- [main] org.reflections.Reflections              : given scan urls are empty. set urls in the configuration
21:48:41:863  INFO 8908 --- [main] org.reflections.Reflections              : Reflections took 6 ms to scan 1 urls, producing 1 keys and 5 values 
21:48:41:872  INFO 8908 --- [main] org.reflections.Reflections              : Reflections took 7 ms to scan 1 urls, producing 1 keys and 7 values 
21:48:41:880  INFO 8908 --- [main] org.reflections.Reflections              : Reflections took 6 ms to scan 1 urls, producing 2 keys and 8 values 
21:48:41:881  WARN 8908 --- [main] org.reflections.Reflections              : given scan urls are empty. set urls in the configuration
21:48:41:882  INFO 8908 --- [main] com.alibaba.nacos.common.remote.client   : [800219ee-b7c5-4dc2-baba-7af329a621ce] RpcClient init label, labels = {module=naming, source=sdk}
21:48:41:883  INFO 8908 --- [main] com.alibaba.nacos.common.remote.client   : [800219ee-b7c5-4dc2-baba-7af329a621ce] RpcClient init, ServerListFactory = com.alibaba.nacos.client.naming.core.ServerListManager
21:48:41:884  INFO 8908 --- [main] com.alibaba.nacos.common.remote.client   : [800219ee-b7c5-4dc2-baba-7af329a621ce] Registry connection listener to current client:com.alibaba.nacos.client.naming.remote.gprc.redo.NamingGrpcRedoService
21:48:41:884  INFO 8908 --- [main] com.alibaba.nacos.common.remote.client   : [800219ee-b7c5-4dc2-baba-7af329a621ce] Register server push request handler:com.alibaba.nacos.client.naming.remote.gprc.NamingPushRequestHandler
21:48:41:885  INFO 8908 --- [main] com.alibaba.nacos.common.remote.client   : [800219ee-b7c5-4dc2-baba-7af329a621ce] Try to connect to server on start up, server: {serverIp = '192.168.139.130', server main port = 8848}
21:48:43:697  INFO 8908 --- [main] com.alibaba.nacos.common.remote.client   : [800219ee-b7c5-4dc2-baba-7af329a621ce] Success to connect to server [192.168.139.130:8848] on start up, connectionId = 1718027324640_172.17.0.1_46486
21:48:43:699  INFO 8908 --- [com.alibaba.nacos.client.remote.worker] com.alibaba.nacos.common.remote.client   : [800219ee-b7c5-4dc2-baba-7af329a621ce] Notify connected event to listeners.
21:48:43:700  INFO 8908 --- [main] com.alibaba.nacos.common.remote.client   : [800219ee-b7c5-4dc2-baba-7af329a621ce] Register server push request handler:com.alibaba.nacos.common.remote.client.RpcClient$ConnectResetRequestHandler
21:48:43:703  INFO 8908 --- [main] com.alibaba.nacos.common.remote.client   : [800219ee-b7c5-4dc2-baba-7af329a621ce] Register server push request handler:com.alibaba.nacos.common.remote.client.RpcClient$$Lambda$957/0x000000080070b840
21:48:43:760  INFO 8908 --- [main] o.s.b.w.embedded.tomcat.TomcatWebServer  : Tomcat started on port(s): 8084 (http) with context path ''
21:48:43:768  INFO 8908 --- [main] c.a.c.n.registry.NacosServiceRegistry    : nacos registry, DEFAULT_GROUP user-service 10.206.222.232:8084 register finished
21:48:44:265  INFO 8908 --- [nacos-grpc-client-executor-9] com.alibaba.nacos.common.remote.client   : [800219ee-b7c5-4dc2-baba-7af329a621ce] Receive server push request, request = NotifySubscriberRequest, requestId = 37
21:48:44:267  INFO 8908 --- [nacos-grpc-client-executor-9] com.alibaba.nacos.common.remote.client   : [800219ee-b7c5-4dc2-baba-7af329a621ce] Ack server push request, request = NotifySubscriberRequest, requestId = 37
21:48:44:324  INFO 8908 --- [main] d.s.w.p.DocumentationPluginsBootstrapper : Documentation plugins bootstrapped
21:48:44:326  INFO 8908 --- [main] d.s.w.p.DocumentationPluginsBootstrapper : Found 1 custom documentation plugin(s)
21:48:44:343  INFO 8908 --- [main] s.d.s.w.s.ApiListingReferenceScanner     : Scanning for api listing references
21:48:44:418  INFO 8908 --- [main] com.hmall.user.UserApplication           : Started UserApplication in 8.497 seconds (JVM running for 9.397)
21:50:00:706  INFO 8908 --- [http-nio-8084-exec-1] o.a.c.c.C.[Tomcat].[localhost].[/]       : Initializing Spring DispatcherServlet 'dispatcherServlet'
21:50:00:706  INFO 8908 --- [http-nio-8084-exec-1] o.s.web.servlet.DispatcherServlet        : Initializing Servlet 'dispatcherServlet'
21:50:00:707  INFO 8908 --- [http-nio-8084-exec-1] o.s.web.servlet.DispatcherServlet        : Completed initialization in 1 ms
21:50:00:832  INFO 8908 --- [http-nio-8084-exec-1] com.zaxxer.hikari.HikariDataSource       : HikariPool-1 - Starting...
21:50:01:021  INFO 8908 --- [http-nio-8084-exec-1] com.zaxxer.hikari.HikariDataSource       : HikariPool-1 - Start completed.
21:50:01:026 DEBUG 8908 --- [http-nio-8084-exec-1] c.h.user.mapper.UserMapper.selectOne     : ==>  Preparing: SELECT id,username,password,phone,create_time,update_time,status,balance FROM user WHERE (username = ?)
21:50:01:042 DEBUG 8908 --- [http-nio-8084-exec-1] c.h.user.mapper.UserMapper.selectOne     : ==> Parameters: rose(String)
21:50:01:060 DEBUG 8908 --- [http-nio-8084-exec-1] c.h.user.mapper.UserMapper.selectOne     : <==      Total: 1
21:50:28:751 DEBUG 8908 --- [http-nio-8084-exec-2] c.h.u.mapper.AddressMapper.selectList    : ==>  Preparing: SELECT id,user_id,province,city,town,mobile,street,contact,is_default,notes FROM address WHERE (user_id = ?)
21:50:28:752 DEBUG 8908 --- [http-nio-8084-exec-2] c.h.u.mapper.AddressMapper.selectList    : ==> Parameters: 2(Long)
21:50:28:755 DEBUG 8908 --- [http-nio-8084-exec-2] c.h.u.mapper.AddressMapper.selectList    : <==      Total: 0
21:50:37:647  INFO 8908 --- [http-nio-8084-exec-5] c.h.user.service.impl.UserServiceImpl    : 开始扣款
21:50:37:649 DEBUG 8908 --- [http-nio-8084-exec-5] c.h.user.mapper.UserMapper.selectById    : ==>  Preparing: SELECT id,username,password,phone,create_time,update_time,status,balance FROM user WHERE id=?
21:50:37:649 DEBUG 8908 --- [http-nio-8084-exec-5] c.h.user.mapper.UserMapper.selectById    : ==> Parameters: 2(Long)
21:50:37:650 DEBUG 8908 --- [http-nio-8084-exec-5] c.h.user.mapper.UserMapper.selectById    : <==      Total: 1
21:50:37:727 DEBUG 8908 --- [http-nio-8084-exec-5] c.h.user.mapper.UserMapper.updateMoney   : ==>  Preparing: update user set balance = balance - 998800 where id = ?
21:50:37:727 DEBUG 8908 --- [http-nio-8084-exec-5] c.h.user.mapper.UserMapper.updateMoney   : ==> Parameters: 2(Long)
21:50:37:732 DEBUG 8908 --- [http-nio-8084-exec-5] c.h.user.mapper.UserMapper.updateMoney   : <==    Updates: 1
21:50:37:732  INFO 8908 --- [http-nio-8084-exec-5] c.h.user.service.impl.UserServiceImpl    : 扣款成功
22:03:55:654  WARN 8908 --- [Thread-4] c.a.nacos.common.notify.NotifyCenter     : [NotifyCenter] Start destroying Publisher
22:03:55:655  WARN 8908 --- [Thread-4] c.a.nacos.common.notify.NotifyCenter     : [NotifyCenter] Destruction of the end
22:03:55:655  WARN 8908 --- [Thread-7] c.a.n.common.http.HttpClientBeanHolder   : [HttpClientBeanHolder] Start destroying common HttpClient
22:03:55:655  WARN 8908 --- [Thread-7] c.a.n.common.http.HttpClientBeanHolder   : [HttpClientBeanHolder] Destruction of the end
22:03:56:215  INFO 8908 --- [SpringApplicationShutdownHook] c.a.c.n.registry.NacosServiceRegistry    : De-registering from Nacos Server now...
22:03:56:219  INFO 8908 --- [SpringApplicationShutdownHook] c.a.c.n.registry.NacosServiceRegistry    : De-registration finished.
22:03:56:527  INFO 8908 --- [SpringApplicationShutdownHook] com.alibaba.nacos.common.remote.client   : Shutdown rpc client, set status to shutdown
22:03:56:527  INFO 8908 --- [SpringApplicationShutdownHook] com.alibaba.nacos.common.remote.client   : Shutdown client event executor java.util.concurrent.ScheduledThreadPoolExecutor@daec63e[Running, pool size = 2, active threads = 2, queued tasks = 0, completed tasks = 0]
22:03:56:527  INFO 8908 --- [SpringApplicationShutdownHook] com.alibaba.nacos.common.remote.client   : Close current connection 1718027324640_172.17.0.1_46486
22:03:56:530  INFO 8908 --- [nacos-grpc-client-executor-198] c.a.n.c.remote.client.grpc.GrpcClient    : [1718027324640_172.17.0.1_46486]Ignore complete event,isRunning:false,isAbandon=false
22:03:56:533  INFO 8908 --- [SpringApplicationShutdownHook] c.a.n.c.remote.client.grpc.GrpcClient    : Shutdown grpc executor java.util.concurrent.ThreadPoolExecutor@6f764ede[Running, pool size = 4, active threads = 0, queued tasks = 0, completed tasks = 199]
22:03:56:538  INFO 8908 --- [SpringApplicationShutdownHook] com.zaxxer.hikari.HikariDataSource       : HikariPool-1 - Shutdown initiated...
22:03:56:557  INFO 8908 --- [SpringApplicationShutdownHook] com.zaxxer.hikari.HikariDataSource       : HikariPool-1 - Shutdown completed.
